--- Comparison Engine Log started at 2026-07-10T08:56:46.599940 ---
Starting Comparison Engine...
Fetching beneficiaries from database...
Fetched 39729 records.
Normalizing records for matching...
Matching records using blocked pairwise comparisons...
Found 444 match relationships.
Building groups of matching records...
Indexing match scores and fields for groups...
Compiling report datasets...
Writing report files...
Saved report: D:\krushisetu\schemes (3)\schemes\schemes\govt-data\reports\matched_people.json
Saved report: D:\krushisetu\schemes (3)\schemes\schemes\govt-data\reports\duplicate_people.json
Saved report: D:\krushisetu\schemes (3)\schemes\schemes\govt-data\reports\statistics.json
Saved report: D:\krushisetu\schemes (3)\schemes\schemes\govt-data\reports\comparison_report.json

=== COMPARISON RUN COMPLETE ===
Analyzed: 39729 records
Duplicates: 442 records
Unique individuals: 39287
================================
